<?xml version="1.0" encoding="UTF-8"?>
<!-- Generated by org.testng.reporters.JUnitReportReporter -->
<testsuite hostname="ADMIN" failures="0" tests="4" name="testClass.AddNewAddress" time="206.888" errors="0" timestamp="2022-07-13T10:27:52 IST" skipped="0">
  <testcase classname="testClass.AddNewAddress" name="VerifyUserCanLogIn" time="19.285"/>
  <system-out>
    <![CDATA[User Entered EmailID
User Entered PassWord
User Click on Submit Button]]>
  </system-out>
  <testcase classname="testClass.AddNewAddress" name="VerifyUserCanLogIn" time="119.877"/>
  <system-out>
    <![CDATA[User Entered EmailID
User Entered PassWord
User Click on Submit Button]]>
  </system-out>
  <testcase classname="testClass.AddNewAddress" name="UserCanAddNewAddress" time="34.099"/>
  <system-out/>
  <testcase classname="testClass.AddNewAddress" name="UserCanAddNewAddress" time="33.627"/>
  <system-out/>
</testsuite> <!-- testClass.AddNewAddress -->
